2020/03/05 15:32:07 [emerg] 30#30: cannot load certificate "/etc/nginx/certs/default.crt": BIO_new_file() failed (SSL: error:02001002:system library:fopen:No such file or directory:fopen('/etc/nginx/certs/default.crt','r') error:2006D080:BIO routines:BIO_new_file:no such file)
2020/03/05 15:32:09 [emerg] 27#27: cannot load certificate "/etc/nginx/certs/default.crt": BIO_new_file() failed (SSL: error:02001002:system library:fopen:No such file or directory:fopen('/etc/nginx/certs/default.crt','r') error:2006D080:BIO routines:BIO_new_file:no such file)
2020/03/05 15:33:43 [notice] 42#42: signal process started
2020/03/05 15:33:44 [notice] 56#56: signal process started
2020/03/05 15:33:44 [notice] 66#66: signal process started
2020/03/05 15:33:46 [notice] 76#76: signal process started
2020/03/05 15:33:47 [notice] 108#108: signal process started
2020/03/05 15:33:49 [notice] 141#141: signal process started
2020/03/05 15:34:00 [notice] 151#151: signal process started
2020/03/05 15:34:11 [notice] 182#182: signal process started
2020/03/05 15:35:46 [notice] 213#213: signal process started
2020/03/05 15:51:43 [notice] 226#226: signal process started
2020/03/05 15:51:44 [notice] 235#235: signal process started
2020/03/05 15:51:44 [notice] 244#244: signal process started
2020/03/05 15:51:45 [notice] 254#254: signal process started
2020/03/05 15:51:53 [notice] 263#263: signal process started
2020/03/05 15:55:34 [notice] 272#272: signal process started
2020/03/05 15:55:35 [notice] 281#281: signal process started
2020/03/05 15:55:35 [notice] 290#290: signal process started
2020/03/05 15:55:35 [notice] 299#299: signal process started
2020/03/05 15:55:36 [notice] 328#328: signal process started
2020/03/05 15:55:45 [notice] 358#358: signal process started
2020/03/05 16:22:55 [notice] 389#389: signal process started
2020/03/05 16:22:55 [notice] 398#398: signal process started
2020/03/05 16:22:55 [notice] 407#407: signal process started
2020/03/05 16:22:55 [notice] 416#416: signal process started
2020/03/05 16:22:56 [notice] 425#425: signal process started
2020/03/05 16:22:56 [notice] 434#434: signal process started
2020/03/05 16:22:56 [notice] 443#443: signal process started
2020/03/05 16:22:57 [notice] 452#452: signal process started
2020/03/05 16:23:04 [notice] 461#461: signal process started
2020/03/05 16:28:32 [notice] 48#48: signal process started
2020/03/05 16:28:34 [notice] 64#64: signal process started
2020/03/05 16:28:34 [notice] 66#66: signal process started
2020/03/05 16:28:35 [notice] 77#77: signal process started
2020/03/05 16:28:35 [notice] 88#88: signal process started
2020/03/05 16:28:35 [notice] 99#99: signal process started
2020/03/05 16:28:36 [notice] 117#117: signal process started
2020/03/05 16:28:36 [notice] 127#127: signal process started
2020/03/05 16:28:38 [notice] 157#157: signal process started
2020/03/05 16:28:48 [notice] 188#188: signal process started
2020/03/05 16:29:09 [error] 211#211: *43 connect() failed (111: Connection refused) while connecting to upstream, client: 172.29.0.1, server: api.localhost, request: "OPTIONS /infos/ HTTP/1.1", upstream: "http://172.29.0.8:8080/infos/", host: "api.localhost", referrer: "http://dashboard.localhost/profile"
2020/03/05 16:29:09 [warn] 211#211: *43 upstream server temporarily disabled while connecting to upstream, client: 172.29.0.1, server: api.localhost, request: "OPTIONS /infos/ HTTP/1.1", upstream: "http://172.29.0.8:8080/infos/", host: "api.localhost", referrer: "http://dashboard.localhost/profile"
2020/03/05 16:29:09 [error] 211#211: *43 no live upstreams while connecting to upstream, client: 172.29.0.1, server: api.localhost, request: "OPTIONS /infos/ HTTP/1.1", upstream: "http://api.localhost/infos/", host: "api.localhost", referrer: "http://dashboard.localhost/profile"
2020/03/05 16:29:26 [error] 211#211: *43 connect() failed (111: Connection refused) while connecting to upstream, client: 172.29.0.1, server: api.localhost, request: "OPTIONS /updateinfos/ HTTP/1.1", upstream: "http://172.29.0.8:8080/updateinfos/", host: "api.localhost", referrer: "http://dashboard.localhost/profile"
2020/03/05 16:29:26 [warn] 211#211: *43 upstream server temporarily disabled while connecting to upstream, client: 172.29.0.1, server: api.localhost, request: "OPTIONS /updateinfos/ HTTP/1.1", upstream: "http://172.29.0.8:8080/updateinfos/", host: "api.localhost", referrer: "http://dashboard.localhost/profile"
2020/03/05 16:29:26 [error] 211#211: *43 no live upstreams while connecting to upstream, client: 172.29.0.1, server: api.localhost, request: "OPTIONS /updateinfos/ HTTP/1.1", upstream: "http://api.localhost/updateinfos/", host: "api.localhost", referrer: "http://dashboard.localhost/profile"
2020/03/05 16:30:13 [error] 211#211: *43 connect() failed (111: Connection refused) while connecting to upstream, client: 172.29.0.1, server: api.localhost, request: "OPTIONS /infos/ HTTP/1.1", upstream: "http://172.29.0.8:8080/infos/", host: "api.localhost", referrer: "http://dashboard.localhost/profile"
2020/03/05 16:30:13 [warn] 211#211: *43 upstream server temporarily disabled while connecting to upstream, client: 172.29.0.1, server: api.localhost, request: "OPTIONS /infos/ HTTP/1.1", upstream: "http://172.29.0.8:8080/infos/", host: "api.localhost", referrer: "http://dashboard.localhost/profile"
2020/03/05 16:30:13 [error] 211#211: *43 no live upstreams while connecting to upstream, client: 172.29.0.1, server: api.localhost, request: "OPTIONS /infos/ HTTP/1.1", upstream: "http://api.localhost/infos/", host: "api.localhost", referrer: "http://dashboard.localhost/profile"
2020/03/05 16:30:20 [error] 211#211: *43 no live upstreams while connecting to upstream, client: 172.29.0.1, server: api.localhost, request: "OPTIONS /infos/ HTTP/1.1", upstream: "http://api.localhost/infos/", host: "api.localhost", referrer: "http://dashboard.localhost/profile"
2020/03/05 16:30:23 [notice] 220#220: signal process started
2020/03/05 16:32:58 [notice] 230#230: signal process started
2020/03/06 19:46:29 [emerg] 28#28: cannot load certificate "/etc/nginx/certs/default.crt": BIO_new_file() failed (SSL: error:02001002:system library:fopen:No such file or directory:fopen('/etc/nginx/certs/default.crt','r') error:2006D080:BIO routines:BIO_new_file:no such file)
2020/03/06 19:46:32 [emerg] 29#29: cannot load certificate "/etc/nginx/certs/default.crt": BIO_new_file() failed (SSL: error:02001002:system library:fopen:No such file or directory:fopen('/etc/nginx/certs/default.crt','r') error:2006D080:BIO routines:BIO_new_file:no such file)
2020/03/06 19:46:33 [emerg] 27#27: cannot load certificate "/etc/nginx/certs/default.crt": BIO_new_file() failed (SSL: error:02001002:system library:fopen:No such file or directory:fopen('/etc/nginx/certs/default.crt','r') error:2006D080:BIO routines:BIO_new_file:no such file)
2020/03/06 19:46:35 [emerg] 32#32: cannot load certificate "/etc/nginx/certs/default.crt": BIO_new_file() failed (SSL: error:02001002:system library:fopen:No such file or directory:fopen('/etc/nginx/certs/default.crt','r') error:2006D080:BIO routines:BIO_new_file:no such file)
2020/03/06 19:46:36 [emerg] 26#26: cannot load certificate "/etc/nginx/certs/default.crt": BIO_new_file() failed (SSL: error:02001002:system library:fopen:No such file or directory:fopen('/etc/nginx/certs/default.crt','r') error:2006D080:BIO routines:BIO_new_file:no such file)
2020/03/06 19:46:38 [emerg] 28#28: cannot load certificate "/etc/nginx/certs/default.crt": BIO_new_file() failed (SSL: error:02001002:system library:fopen:No such file or directory:fopen('/etc/nginx/certs/default.crt','r') error:2006D080:BIO routines:BIO_new_file:no such file)
2020/03/06 19:46:42 [emerg] 27#27: cannot load certificate "/etc/nginx/certs/default.crt": BIO_new_file() failed (SSL: error:02001002:system library:fopen:No such file or directory:fopen('/etc/nginx/certs/default.crt','r') error:2006D080:BIO routines:BIO_new_file:no such file)
2020/03/06 19:46:49 [emerg] 27#27: cannot load certificate "/etc/nginx/certs/default.crt": BIO_new_file() failed (SSL: error:02001002:system library:fopen:No such file or directory:fopen('/etc/nginx/certs/default.crt','r') error:2006D080:BIO routines:BIO_new_file:no such file)
2020/03/06 19:47:02 [emerg] 33#33: cannot load certificate "/etc/nginx/certs/default.crt": BIO_new_file() failed (SSL: error:02001002:system library:fopen:No such file or directory:fopen('/etc/nginx/certs/default.crt','r') error:2006D080:BIO routines:BIO_new_file:no such file)
2020/03/06 19:47:28 [emerg] 31#31: cannot load certificate "/etc/nginx/certs/default.crt": BIO_new_file() failed (SSL: error:02001002:system library:fopen:No such file or directory:fopen('/etc/nginx/certs/default.crt','r') error:2006D080:BIO routines:BIO_new_file:no such file)
2020/03/06 19:48:20 [emerg] 28#28: cannot load certificate "/etc/nginx/certs/default.crt": BIO_new_file() failed (SSL: error:02001002:system library:fopen:No such file or directory:fopen('/etc/nginx/certs/default.crt','r') error:2006D080:BIO routines:BIO_new_file:no such file)
2020/03/06 19:49:20 [emerg] 28#28: cannot load certificate "/etc/nginx/certs/default.crt": BIO_new_file() failed (SSL: error:02001002:system library:fopen:No such file or directory:fopen('/etc/nginx/certs/default.crt','r') error:2006D080:BIO routines:BIO_new_file:no such file)
2020/03/06 19:50:21 [emerg] 31#31: cannot load certificate "/etc/nginx/certs/default.crt": BIO_new_file() failed (SSL: error:02001002:system library:fopen:No such file or directory:fopen('/etc/nginx/certs/default.crt','r') error:2006D080:BIO routines:BIO_new_file:no such file)
2020/03/06 19:51:22 [notice] 42#42: signal process started
2020/03/06 19:51:22 [notice] 58#58: signal process started
2020/03/06 19:51:36 [notice] 47#47: signal process started
2020/03/06 19:51:38 [notice] 59#59: signal process started
2020/03/06 19:51:39 [notice] 72#72: signal process started
2020/03/06 19:51:42 [notice] 83#83: signal process started
2020/03/06 19:51:44 [notice] 113#113: signal process started
2020/03/06 19:52:09 [notice] 145#145: signal process started
2020/03/06 19:52:42 [notice] 176#176: signal process started
2020/03/06 19:52:45 [notice] 208#208: signal process started
2020/03/07 14:49:39 [emerg] 28#28: cannot load certificate "/etc/nginx/certs/default.crt": BIO_new_file() failed (SSL: error:02001002:system library:fopen:No such file or directory:fopen('/etc/nginx/certs/default.crt','r') error:2006D080:BIO routines:BIO_new_file:no such file)
2020/03/07 14:49:40 [emerg] 29#29: cannot load certificate "/etc/nginx/certs/default.crt": BIO_new_file() failed (SSL: error:02001002:system library:fopen:No such file or directory:fopen('/etc/nginx/certs/default.crt','r') error:2006D080:BIO routines:BIO_new_file:no such file)
2020/03/07 14:49:42 [emerg] 33#33: cannot load certificate "/etc/nginx/certs/default.crt": BIO_new_file() failed (SSL: error:02001002:system library:fopen:No such file or directory:fopen('/etc/nginx/certs/default.crt','r') error:2006D080:BIO routines:BIO_new_file:no such file)
2020/03/07 14:49:43 [emerg] 26#26: cannot load certificate "/etc/nginx/certs/default.crt": BIO_new_file() failed (SSL: error:02001002:system library:fopen:No such file or directory:fopen('/etc/nginx/certs/default.crt','r') error:2006D080:BIO routines:BIO_new_file:no such file)
2020/03/07 14:49:44 [emerg] 29#29: cannot load certificate "/etc/nginx/certs/default.crt": BIO_new_file() failed (SSL: error:02001002:system library:fopen:No such file or directory:fopen('/etc/nginx/certs/default.crt','r') error:2006D080:BIO routines:BIO_new_file:no such file)
2020/03/07 14:49:46 [emerg] 29#29: cannot load certificate "/etc/nginx/certs/default.crt": BIO_new_file() failed (SSL: error:02001002:system library:fopen:No such file or directory:fopen('/etc/nginx/certs/default.crt','r') error:2006D080:BIO routines:BIO_new_file:no such file)
2020/03/07 14:49:50 [emerg] 28#28: cannot load certificate "/etc/nginx/certs/default.crt": BIO_new_file() failed (SSL: error:02001002:system library:fopen:No such file or directory:fopen('/etc/nginx/certs/default.crt','r') error:2006D080:BIO routines:BIO_new_file:no such file)
2020/03/07 14:49:57 [emerg] 27#27: cannot load certificate "/etc/nginx/certs/default.crt": BIO_new_file() failed (SSL: error:02001002:system library:fopen:No such file or directory:fopen('/etc/nginx/certs/default.crt','r') error:2006D080:BIO routines:BIO_new_file:no such file)
2020/03/07 14:50:10 [emerg] 27#27: cannot load certificate "/etc/nginx/certs/default.crt": BIO_new_file() failed (SSL: error:02001002:system library:fopen:No such file or directory:fopen('/etc/nginx/certs/default.crt','r') error:2006D080:BIO routines:BIO_new_file:no such file)
2020/03/07 14:50:36 [emerg] 33#33: cannot load certificate "/etc/nginx/certs/default.crt": BIO_new_file() failed (SSL: error:02001002:system library:fopen:No such file or directory:fopen('/etc/nginx/certs/default.crt','r') error:2006D080:BIO routines:BIO_new_file:no such file)
2020/03/07 14:51:28 [emerg] 32#32: cannot load certificate "/etc/nginx/certs/default.crt": BIO_new_file() failed (SSL: error:02001002:system library:fopen:No such file or directory:fopen('/etc/nginx/certs/default.crt','r') error:2006D080:BIO routines:BIO_new_file:no such file)
2020/03/07 14:52:28 [notice] 44#44: signal process started
2020/03/07 14:52:28 [notice] 61#61: signal process started
2020/03/07 14:52:59 [notice] 71#71: signal process started
2020/03/07 14:53:16 [notice] 47#47: signal process started
2020/03/07 14:53:18 [notice] 62#62: signal process started
2020/03/07 14:53:19 [notice] 93#93: signal process started
2020/03/07 14:53:35 [notice] 123#123: signal process started
2020/03/07 14:54:00 [notice] 155#155: signal process started
2020/03/07 16:54:42 [notice] 173#173: signal process started
2020/03/07 16:54:42 [notice] 182#182: signal process started
2020/03/07 16:56:03 [notice] 191#191: signal process started
2020/03/07 16:56:03 [notice] 200#200: signal process started
2020/03/07 16:56:04 [notice] 209#209: signal process started
2020/03/07 16:56:04 [error] 201#201: *2724 connect() failed (111: Connection refused) while connecting to upstream, client: 172.29.0.1, server: api.localhost, request: "OPTIONS /points/infos/ HTTP/1.1", upstream: "http://172.29.0.8:8080/points/infos/", host: "api.localhost", referrer: "http://dashboard.localhost/map"
2020/03/07 16:56:04 [warn] 201#201: *2724 upstream server temporarily disabled while connecting to upstream, client: 172.29.0.1, server: api.localhost, request: "OPTIONS /points/infos/ HTTP/1.1", upstream: "http://172.29.0.8:8080/points/infos/", host: "api.localhost", referrer: "http://dashboard.localhost/map"
2020/03/07 16:56:04 [error] 201#201: *2724 no live upstreams while connecting to upstream, client: 172.29.0.1, server: api.localhost, request: "OPTIONS /points/infos/ HTTP/1.1", upstream: "http://api.localhost/points/infos/", host: "api.localhost", referrer: "http://dashboard.localhost/map"
2020/03/07 16:57:57 [notice] 218#218: signal process started
2020/03/07 16:57:57 [notice] 227#227: signal process started
2020/03/07 16:57:58 [notice] 236#236: signal process started
2020/03/07 17:00:18 [notice] 245#245: signal process started
2020/03/07 17:00:19 [notice] 254#254: signal process started
2020/03/07 17:00:19 [notice] 263#263: signal process started
2020/03/07 17:01:36 [notice] 272#272: signal process started
2020/03/07 17:01:36 [notice] 281#281: signal process started
2020/03/07 17:01:36 [notice] 290#290: signal process started
2020/03/07 17:02:23 [notice] 299#299: signal process started
2020/03/07 17:02:23 [notice] 308#308: signal process started
2020/03/07 17:04:06 [notice] 317#317: signal process started
2020/03/07 17:04:06 [notice] 326#326: signal process started
2020/03/07 17:05:09 [notice] 335#335: signal process started
2020/03/07 17:05:10 [notice] 344#344: signal process started
2020/03/07 17:05:10 [notice] 353#353: signal process started
2020/03/07 17:08:48 [notice] 362#362: signal process started
2020/03/07 17:08:49 [notice] 371#371: signal process started
2020/03/07 17:08:49 [notice] 380#380: signal process started
2020/03/07 17:12:01 [notice] 389#389: signal process started
2020/03/07 17:12:01 [notice] 398#398: signal process started
2020/03/07 17:13:45 [notice] 407#407: signal process started
2020/03/07 17:13:46 [notice] 416#416: signal process started
2020/03/07 17:13:46 [notice] 425#425: signal process started
2020/03/08 15:29:44 [emerg] 28#28: cannot load certificate "/etc/nginx/certs/default.crt": BIO_new_file() failed (SSL: error:02001002:system library:fopen:No such file or directory:fopen('/etc/nginx/certs/default.crt','r') error:2006D080:BIO routines:BIO_new_file:no such file)
2020/03/08 15:29:45 [emerg] 32#32: cannot load certificate "/etc/nginx/certs/default.crt": BIO_new_file() failed (SSL: error:02001002:system library:fopen:No such file or directory:fopen('/etc/nginx/certs/default.crt','r') error:2006D080:BIO routines:BIO_new_file:no such file)
2020/03/08 15:29:47 [emerg] 32#32: cannot load certificate "/etc/nginx/certs/default.crt": BIO_new_file() failed (SSL: error:02001002:system library:fopen:No such file or directory:fopen('/etc/nginx/certs/default.crt','r') error:2006D080:BIO routines:BIO_new_file:no such file)
2020/03/08 15:29:48 [emerg] 27#27: cannot load certificate "/etc/nginx/certs/default.crt": BIO_new_file() failed (SSL: error:02001002:system library:fopen:No such file or directory:fopen('/etc/nginx/certs/default.crt','r') error:2006D080:BIO routines:BIO_new_file:no such file)
2020/03/08 15:29:50 [emerg] 29#29: cannot load certificate "/etc/nginx/certs/default.crt": BIO_new_file() failed (SSL: error:02001002:system library:fopen:No such file or directory:fopen('/etc/nginx/certs/default.crt','r') error:2006D080:BIO routines:BIO_new_file:no such file)
2020/03/08 15:29:54 [notice] 63#63: signal process started
2020/03/08 15:29:54 [notice] 41#41: signal process started
2020/03/08 15:30:22 [notice] 47#47: signal process started
2020/03/08 15:30:24 [notice] 59#59: signal process started
2020/03/08 15:30:24 [notice] 71#71: signal process started
2020/03/08 15:30:25 [notice] 81#81: signal process started
2020/03/08 15:30:25 [notice] 93#93: signal process started
2020/03/08 15:30:26 [notice] 103#103: signal process started
2020/03/08 15:32:24 [notice] 134#134: signal process started
2020/03/08 15:33:06 [notice] 145#145: signal process started
2020/03/09 20:39:09 [emerg] 27#27: cannot load certificate "/etc/nginx/certs/default.crt": BIO_new_file() failed (SSL: error:02001002:system library:fopen:No such file or directory:fopen('/etc/nginx/certs/default.crt','r') error:2006D080:BIO routines:BIO_new_file:no such file)
2020/03/09 20:39:11 [emerg] 28#28: cannot load certificate "/etc/nginx/certs/default.crt": BIO_new_file() failed (SSL: error:02001002:system library:fopen:No such file or directory:fopen('/etc/nginx/certs/default.crt','r') error:2006D080:BIO routines:BIO_new_file:no such file)
2020/03/09 20:39:12 [emerg] 27#27: cannot load certificate "/etc/nginx/certs/default.crt": BIO_new_file() failed (SSL: error:02001002:system library:fopen:No such file or directory:fopen('/etc/nginx/certs/default.crt','r') error:2006D080:BIO routines:BIO_new_file:no such file)
2020/03/09 20:39:14 [emerg] 27#27: cannot load certificate "/etc/nginx/certs/default.crt": BIO_new_file() failed (SSL: error:02001002:system library:fopen:No such file or directory:fopen('/etc/nginx/certs/default.crt','r') error:2006D080:BIO routines:BIO_new_file:no such file)
2020/03/09 20:39:16 [emerg] 28#28: cannot load certificate "/etc/nginx/certs/default.crt": BIO_new_file() failed (SSL: error:02001002:system library:fopen:No such file or directory:fopen('/etc/nginx/certs/default.crt','r') error:2006D080:BIO routines:BIO_new_file:no such file)
2020/03/09 20:39:18 [emerg] 28#28: cannot load certificate "/etc/nginx/certs/default.crt": BIO_new_file() failed (SSL: error:02001002:system library:fopen:No such file or directory:fopen('/etc/nginx/certs/default.crt','r') error:2006D080:BIO routines:BIO_new_file:no such file)
2020/03/09 20:39:21 [emerg] 28#28: cannot load certificate "/etc/nginx/certs/default.crt": BIO_new_file() failed (SSL: error:02001002:system library:fopen:No such file or directory:fopen('/etc/nginx/certs/default.crt','r') error:2006D080:BIO routines:BIO_new_file:no such file)
2020/03/09 20:39:28 [emerg] 27#27: cannot load certificate "/etc/nginx/certs/default.crt": BIO_new_file() failed (SSL: error:02001002:system library:fopen:No such file or directory:fopen('/etc/nginx/certs/default.crt','r') error:2006D080:BIO routines:BIO_new_file:no such file)
2020/03/09 20:39:42 [emerg] 28#28: cannot load certificate "/etc/nginx/certs/default.crt": BIO_new_file() failed (SSL: error:02001002:system library:fopen:No such file or directory:fopen('/etc/nginx/certs/default.crt','r') error:2006D080:BIO routines:BIO_new_file:no such file)
2020/03/09 20:40:08 [emerg] 29#29: cannot load certificate "/etc/nginx/certs/default.crt": BIO_new_file() failed (SSL: error:02001002:system library:fopen:No such file or directory:fopen('/etc/nginx/certs/default.crt','r') error:2006D080:BIO routines:BIO_new_file:no such file)
2020/03/09 20:40:59 [emerg] 32#32: cannot load certificate "/etc/nginx/certs/default.crt": BIO_new_file() failed (SSL: error:02001002:system library:fopen:No such file or directory:fopen('/etc/nginx/certs/default.crt','r') error:2006D080:BIO routines:BIO_new_file:no such file)
2020/03/09 20:42:00 [emerg] 27#27: cannot load certificate "/etc/nginx/certs/default.crt": BIO_new_file() failed (SSL: error:02001002:system library:fopen:No such file or directory:fopen('/etc/nginx/certs/default.crt','r') error:2006D080:BIO routines:BIO_new_file:no such file)
2020/03/09 20:43:00 [emerg] 28#28: cannot load certificate "/etc/nginx/certs/default.crt": BIO_new_file() failed (SSL: error:02001002:system library:fopen:No such file or directory:fopen('/etc/nginx/certs/default.crt','r') error:2006D080:BIO routines:BIO_new_file:no such file)
2020/03/09 20:44:01 [emerg] 33#33: cannot load certificate "/etc/nginx/certs/default.crt": BIO_new_file() failed (SSL: error:02001002:system library:fopen:No such file or directory:fopen('/etc/nginx/certs/default.crt','r') error:2006D080:BIO routines:BIO_new_file:no such file)
2020/03/09 20:45:01 [emerg] 30#30: cannot load certificate "/etc/nginx/certs/default.crt": BIO_new_file() failed (SSL: error:02001002:system library:fopen:No such file or directory:fopen('/etc/nginx/certs/default.crt','r') error:2006D080:BIO routines:BIO_new_file:no such file)
2020/03/09 20:46:01 [emerg] 32#32: cannot load certificate "/etc/nginx/certs/default.crt": BIO_new_file() failed (SSL: error:02001002:system library:fopen:No such file or directory:fopen('/etc/nginx/certs/default.crt','r') error:2006D080:BIO routines:BIO_new_file:no such file)
2020/03/09 20:47:02 [emerg] 31#31: cannot load certificate "/etc/nginx/certs/default.crt": BIO_new_file() failed (SSL: error:02001002:system library:fopen:No such file or directory:fopen('/etc/nginx/certs/default.crt','r') error:2006D080:BIO routines:BIO_new_file:no such file)
2020/03/09 20:48:02 [emerg] 28#28: cannot load certificate "/etc/nginx/certs/default.crt": BIO_new_file() failed (SSL: error:02001002:system library:fopen:No such file or directory:fopen('/etc/nginx/certs/default.crt','r') error:2006D080:BIO routines:BIO_new_file:no such file)
2020/03/09 20:49:03 [emerg] 28#28: cannot load certificate "/etc/nginx/certs/default.crt": BIO_new_file() failed (SSL: error:02001002:system library:fopen:No such file or directory:fopen('/etc/nginx/certs/default.crt','r') error:2006D080:BIO routines:BIO_new_file:no such file)
2020/03/09 20:50:03 [emerg] 28#28: cannot load certificate "/etc/nginx/certs/default.crt": BIO_new_file() failed (SSL: error:02001002:system library:fopen:No such file or directory:fopen('/etc/nginx/certs/default.crt','r') error:2006D080:BIO routines:BIO_new_file:no such file)
2020/03/09 20:51:04 [emerg] 27#27: cannot load certificate "/etc/nginx/certs/default.crt": BIO_new_file() failed (SSL: error:02001002:system library:fopen:No such file or directory:fopen('/etc/nginx/certs/default.crt','r') error:2006D080:BIO routines:BIO_new_file:no such file)
2020/03/09 20:52:04 [emerg] 27#27: cannot load certificate "/etc/nginx/certs/default.crt": BIO_new_file() failed (SSL: error:02001002:system library:fopen:No such file or directory:fopen('/etc/nginx/certs/default.crt','r') error:2006D080:BIO routines:BIO_new_file:no such file)
2020/03/09 22:06:45 [notice] 47#47: signal process started
2020/03/09 22:06:46 [notice] 63#63: signal process started
2020/03/09 22:06:46 [notice] 73#73: signal process started
2020/03/09 22:06:49 [notice] 85#85: signal process started
2020/03/09 22:06:57 [notice] 115#115: signal process started
2020/03/09 22:06:57 [notice] 126#126: signal process started
2020/03/09 22:06:57 [notice] 137#137: signal process started
2020/03/09 22:06:57 [notice] 147#147: signal process started
2020/03/09 22:07:06 [notice] 158#158: signal process started
2020/03/09 22:08:14 [notice] 169#169: signal process started
2020/03/09 22:36:48 [notice] 46#46: signal process started
2020/03/09 22:36:49 [notice] 61#61: signal process started
2020/03/09 22:36:49 [notice] 71#71: signal process started
2020/03/09 22:36:50 [notice] 81#81: signal process started
2020/03/09 22:36:52 [notice] 113#113: signal process started
2020/03/09 22:37:15 [notice] 145#145: signal process started
2020/03/09 22:37:16 [notice] 155#155: signal process started
2020/03/09 22:37:17 [notice] 165#165: signal process started
2020/03/09 22:37:46 [notice] 48#48: signal process started
2020/03/09 22:37:46 [notice] 64#64: signal process started
2020/03/09 22:37:48 [notice] 96#96: signal process started
2020/03/09 22:37:48 [notice] 74#74: signal process started
2020/03/09 22:37:50 [notice] 117#117: signal process started
2020/03/09 22:38:05 [notice] 148#148: signal process started
2020/03/09 22:39:02 [notice] 47#47: signal process started
2020/03/09 22:39:03 [notice] 63#63: signal process started
2020/03/09 22:39:03 [notice] 75#75: signal process started
2020/03/09 22:39:05 [notice] 85#85: signal process started
2020/03/09 22:39:07 [notice] 116#116: signal process started
2020/03/09 22:39:24 [notice] 147#147: signal process started
2020/03/09 22:40:02 [notice] 49#49: signal process started
2020/03/09 22:40:03 [notice] 64#64: signal process started
2020/03/09 22:40:04 [notice] 74#74: signal process started
2020/03/09 22:40:04 [notice] 86#86: signal process started
2020/03/09 22:40:05 [notice] 96#96: signal process started
2020/03/09 22:40:06 [notice] 106#106: signal process started
2020/03/09 22:40:08 [notice] 138#138: signal process started
2020/03/09 22:40:28 [notice] 169#169: signal process started
2020/03/09 22:41:48 [notice] 200#200: signal process started
2020/03/09 22:41:54 [notice] 210#210: signal process started
2020/03/09 22:42:14 [notice] 43#43: signal process started
2020/03/09 22:42:14 [notice] 59#59: signal process started
2020/03/09 22:42:15 [notice] 69#69: signal process started
2020/03/09 22:42:16 [notice] 103#103: signal process started
2020/03/09 22:42:29 [notice] 134#134: signal process started
2020/03/09 22:42:40 [notice] 164#164: signal process started
2020/03/09 22:42:41 [notice] 174#174: signal process started
2020/03/09 22:51:08 [notice] 47#47: signal process started
2020/03/09 22:51:09 [notice] 63#63: signal process started
2020/03/09 22:51:10 [notice] 73#73: signal process started
2020/03/09 22:51:12 [notice] 104#104: signal process started
2020/03/09 22:51:23 [notice] 134#134: signal process started
2020/03/09 22:51:26 [notice] 166#166: signal process started
2020/03/09 22:52:07 [notice] 197#197: signal process started
2020/03/09 22:52:43 [notice] 208#208: signal process started
2020/03/09 22:54:33 [notice] 220#220: signal process started
2020/03/09 22:54:34 [notice] 229#229: signal process started
2020/03/09 22:54:34 [notice] 238#238: signal process started
2020/03/09 22:55:17 [notice] 248#248: signal process started
2020/03/09 22:55:17 [notice] 257#257: signal process started
2020/03/09 22:55:40 [notice] 266#266: signal process started
2020/03/09 22:55:40 [notice] 276#276: signal process started
2020/03/09 22:57:09 [notice] 46#46: signal process started
2020/03/09 22:57:10 [notice] 61#61: signal process started
2020/03/09 22:57:12 [notice] 71#71: signal process started
2020/03/09 22:57:14 [notice] 102#102: signal process started
2020/03/09 22:57:34 [notice] 134#134: signal process started
2020/03/09 22:57:56 [notice] 166#166: signal process started
2020/03/09 22:57:56 [notice] 177#177: signal process started
2020/03/09 22:58:00 [notice] 188#188: signal process started
2020/03/09 22:58:18 [notice] 47#47: signal process started
2020/03/09 22:58:20 [notice] 61#61: signal process started
2020/03/09 22:58:21 [notice] 71#71: signal process started
2020/03/09 22:58:22 [notice] 82#82: signal process started
2020/03/09 22:58:22 [notice] 93#93: signal process started
2020/03/09 22:58:23 [notice] 103#103: signal process started
2020/03/09 22:58:24 [notice] 136#136: signal process started
2020/03/09 22:58:44 [notice] 167#167: signal process started
2020/03/09 22:59:05 [notice] 200#200: signal process started
2020/03/09 23:00:25 [notice] 48#48: signal process started
2020/03/09 23:00:26 [notice] 63#63: signal process started
2020/03/09 23:00:26 [notice] 73#73: signal process started
2020/03/09 23:00:28 [notice] 84#84: signal process started
2020/03/09 23:00:30 [notice] 114#114: signal process started
2020/03/09 23:00:45 [notice] 144#144: signal process started
2020/03/09 23:01:52 [notice] 47#47: signal process started
2020/03/09 23:01:53 [notice] 62#62: signal process started
2020/03/09 23:01:55 [notice] 72#72: signal process started
2020/03/09 23:01:57 [notice] 104#104: signal process started
2020/03/09 23:02:14 [notice] 136#136: signal process started
2020/03/09 23:04:07 [notice] 170#170: signal process started
2020/03/10 14:00:23 [emerg] 27#27: cannot load certificate "/etc/nginx/certs/default.crt": BIO_new_file() failed (SSL: error:02001002:system library:fopen:No such file or directory:fopen('/etc/nginx/certs/default.crt','r') error:2006D080:BIO routines:BIO_new_file:no such file)
2020/03/10 14:00:25 [emerg] 32#32: cannot load certificate "/etc/nginx/certs/default.crt": BIO_new_file() failed (SSL: error:02001002:system library:fopen:No such file or directory:fopen('/etc/nginx/certs/default.crt','r') error:2006D080:BIO routines:BIO_new_file:no such file)
2020/03/10 14:00:27 [emerg] 28#28: cannot load certificate "/etc/nginx/certs/default.crt": BIO_new_file() failed (SSL: error:02001002:system library:fopen:No such file or directory:fopen('/etc/nginx/certs/default.crt','r') error:2006D080:BIO routines:BIO_new_file:no such file)
2020/03/10 14:00:29 [emerg] 28#28: cannot load certificate "/etc/nginx/certs/default.crt": BIO_new_file() failed (SSL: error:02001002:system library:fopen:No such file or directory:fopen('/etc/nginx/certs/default.crt','r') error:2006D080:BIO routines:BIO_new_file:no such file)
2020/03/10 14:00:31 [emerg] 30#30: cannot load certificate "/etc/nginx/certs/default.crt": BIO_new_file() failed (SSL: error:02001002:system library:fopen:No such file or directory:fopen('/etc/nginx/certs/default.crt','r') error:2006D080:BIO routines:BIO_new_file:no such file)
2020/03/10 14:00:33 [emerg] 25#25: cannot load certificate "/etc/nginx/certs/default.crt": BIO_new_file() failed (SSL: error:02001002:system library:fopen:No such file or directory:fopen('/etc/nginx/certs/default.crt','r') error:2006D080:BIO routines:BIO_new_file:no such file)
2020/03/10 14:00:37 [emerg] 28#28: cannot load certificate "/etc/nginx/certs/default.crt": BIO_new_file() failed (SSL: error:02001002:system library:fopen:No such file or directory:fopen('/etc/nginx/certs/default.crt','r') error:2006D080:BIO routines:BIO_new_file:no such file)
2020/03/10 14:00:44 [emerg] 31#31: cannot load certificate "/etc/nginx/certs/default.crt": BIO_new_file() failed (SSL: error:02001002:system library:fopen:No such file or directory:fopen('/etc/nginx/certs/default.crt','r') error:2006D080:BIO routines:BIO_new_file:no such file)
2020/03/10 14:00:57 [emerg] 29#29: cannot load certificate "/etc/nginx/certs/default.crt": BIO_new_file() failed (SSL: error:02001002:system library:fopen:No such file or directory:fopen('/etc/nginx/certs/default.crt','r') error:2006D080:BIO routines:BIO_new_file:no such file)
2020/03/10 14:01:23 [emerg] 27#27: cannot load certificate "/etc/nginx/certs/default.crt": BIO_new_file() failed (SSL: error:02001002:system library:fopen:No such file or directory:fopen('/etc/nginx/certs/default.crt','r') error:2006D080:BIO routines:BIO_new_file:no such file)
2020/03/10 14:02:15 [emerg] 27#27: cannot load certificate "/etc/nginx/certs/default.crt": BIO_new_file() failed (SSL: error:02001002:system library:fopen:No such file or directory:fopen('/etc/nginx/certs/default.crt','r') error:2006D080:BIO routines:BIO_new_file:no such file)
2020/03/10 14:03:16 [emerg] 27#27: cannot load certificate "/etc/nginx/certs/default.crt": BIO_new_file() failed (SSL: error:02001002:system library:fopen:No such file or directory:fopen('/etc/nginx/certs/default.crt','r') error:2006D080:BIO routines:BIO_new_file:no such file)
2020/03/10 14:04:16 [emerg] 28#28: cannot load certificate "/etc/nginx/certs/default.crt": BIO_new_file() failed (SSL: error:02001002:system library:fopen:No such file or directory:fopen('/etc/nginx/certs/default.crt','r') error:2006D080:BIO routines:BIO_new_file:no such file)
2020/03/10 14:05:16 [emerg] 28#28: cannot load certificate "/etc/nginx/certs/default.crt": BIO_new_file() failed (SSL: error:02001002:system library:fopen:No such file or directory:fopen('/etc/nginx/certs/default.crt','r') error:2006D080:BIO routines:BIO_new_file:no such file)
2020/03/10 14:06:17 [emerg] 27#27: cannot load certificate "/etc/nginx/certs/default.crt": BIO_new_file() failed (SSL: error:02001002:system library:fopen:No such file or directory:fopen('/etc/nginx/certs/default.crt','r') error:2006D080:BIO routines:BIO_new_file:no such file)
2020/03/10 14:07:18 [emerg] 27#27: cannot load certificate "/etc/nginx/certs/default.crt": BIO_new_file() failed (SSL: error:02001002:system library:fopen:No such file or directory:fopen('/etc/nginx/certs/default.crt','r') error:2006D080:BIO routines:BIO_new_file:no such file)
2020/03/10 14:08:19 [emerg] 28#28: cannot load certificate "/etc/nginx/certs/default.crt": BIO_new_file() failed (SSL: error:02001002:system library:fopen:No such file or directory:fopen('/etc/nginx/certs/default.crt','r') error:2006D080:BIO routines:BIO_new_file:no such file)
2020/03/10 14:09:19 [emerg] 28#28: cannot load certificate "/etc/nginx/certs/default.crt": BIO_new_file() failed (SSL: error:02001002:system library:fopen:No such file or directory:fopen('/etc/nginx/certs/default.crt','r') error:2006D080:BIO routines:BIO_new_file:no such file)
2020/03/10 14:10:20 [emerg] 28#28: open() "/var/log/nginx/access.log" failed (21: Is a directory)
2020/03/10 14:11:20 [notice] 42#42: signal process started
2020/03/10 14:13:19 [notice] 61#61: signal process started
2020/03/10 14:13:19 [notice] 70#70: signal process started
2020/03/10 14:14:22 [notice] 48#48: signal process started
2020/03/10 14:14:25 [notice] 61#61: signal process started
2020/03/10 14:14:25 [notice] 71#71: signal process started
2020/03/10 14:14:27 [notice] 83#83: signal process started
2020/03/10 14:14:28 [notice] 93#93: signal process started
2020/03/10 14:14:28 [notice] 103#103: signal process started
2020/03/10 14:14:31 [notice] 133#133: signal process started
2020/03/10 14:14:57 [notice] 165#165: signal process started
2020/03/10 14:14:58 [notice] 176#176: signal process started
2020/03/10 14:22:17 [notice] 47#47: signal process started
2020/03/10 14:22:20 [notice] 63#63: signal process started
2020/03/10 14:22:21 [notice] 73#73: signal process started
2020/03/10 14:22:21 [notice] 83#83: signal process started
2020/03/10 14:22:23 [notice] 93#93: signal process started
2020/03/10 14:22:25 [notice] 124#124: signal process started
2020/03/10 14:22:58 [notice] 47#47: signal process started
2020/03/10 14:23:01 [notice] 60#60: signal process started
2020/03/10 14:23:02 [notice] 72#72: signal process started
2020/03/10 14:23:02 [notice] 82#82: signal process started
2020/03/10 14:23:03 [notice] 93#93: signal process started
2020/03/10 14:23:04 [notice] 103#103: signal process started
2020/03/10 14:23:06 [notice] 134#134: signal process started
2020/03/10 14:23:28 [notice] 165#165: signal process started
2020/03/10 14:23:52 [notice] 197#197: signal process started
2020/03/10 14:24:50 [notice] 48#48: signal process started
2020/03/10 14:24:54 [notice] 61#61: signal process started
2020/03/10 14:24:54 [notice] 74#74: signal process started
2020/03/10 14:24:55 [notice] 87#87: signal process started
2020/03/10 14:24:55 [notice] 97#97: signal process started
2020/03/10 14:24:56 [notice] 107#107: signal process started
2020/03/10 14:24:57 [notice] 117#117: signal process started
2020/03/10 14:24:59 [notice] 148#148: signal process started
2020/03/10 14:25:14 [notice] 179#179: signal process started
2020/03/10 14:25:55 [notice] 211#211: signal process started
2020/03/10 14:48:55 [notice] 50#50: signal process started
2020/03/10 14:48:55 [notice] 66#66: signal process started
2020/03/10 14:48:57 [notice] 76#76: signal process started
2020/03/10 14:48:59 [notice] 108#108: signal process started
2020/03/10 14:49:12 [notice] 141#141: signal process started
2020/03/10 14:49:14 [notice] 173#173: signal process started
2020/03/10 14:52:15 [notice] 47#47: signal process started
2020/03/10 14:52:17 [notice] 62#62: signal process started
2020/03/10 14:52:19 [notice] 95#95: signal process started
2020/03/10 14:52:35 [notice] 126#126: signal process started
2020/03/10 14:52:56 [notice] 158#158: signal process started
2020/03/10 14:53:44 [notice] 49#49: signal process started
2020/03/10 14:53:45 [notice] 63#63: signal process started
2020/03/10 14:53:45 [notice] 73#73: signal process started
2020/03/10 14:53:46 [notice] 84#84: signal process started
2020/03/10 14:53:48 [notice] 94#94: signal process started
2020/03/10 14:53:49 [notice] 125#125: signal process started
2020/03/10 14:54:04 [notice] 156#156: signal process started
2020/03/10 14:54:43 [notice] 188#188: signal process started
2020/03/10 14:55:07 [notice] 46#46: signal process started
2020/03/10 14:55:07 [notice] 62#62: signal process started
2020/03/10 14:55:08 [notice] 72#72: signal process started
2020/03/10 14:55:08 [notice] 83#83: signal process started
2020/03/10 14:55:09 [notice] 94#94: signal process started
2020/03/10 14:55:10 [notice] 104#104: signal process started
2020/03/10 14:55:11 [notice] 135#135: signal process started
2020/03/10 14:55:26 [notice] 166#166: signal process started
2020/03/10 14:57:19 [notice] 48#48: signal process started
2020/03/10 14:57:19 [notice] 62#62: signal process started
2020/03/10 14:57:21 [notice] 72#72: signal process started
2020/03/10 14:57:23 [notice] 103#103: signal process started
2020/03/10 14:57:40 [notice] 133#133: signal process started
2020/03/10 14:57:40 [notice] 164#164: signal process started
2020/03/10 15:00:19 [notice] 48#48: signal process started
2020/03/10 15:00:21 [notice] 63#63: signal process started
2020/03/10 15:00:21 [notice] 73#73: signal process started
2020/03/10 15:00:22 [notice] 85#85: signal process started
2020/03/10 15:00:23 [notice] 95#95: signal process started
2020/03/10 15:00:25 [notice] 126#126: signal process started
2020/03/10 15:00:50 [notice] 157#157: signal process started
2020/03/10 15:02:18 [notice] 188#188: signal process started
2020/03/10 15:03:41 [notice] 198#198: signal process started
2020/03/10 15:03:42 [notice] 208#208: signal process started
2020/03/10 15:03:43 [notice] 218#218: signal process started
2020/03/10 15:03:43 [notice] 227#227: signal process started
2020/03/10 15:03:44 [notice] 237#237: signal process started
2020/03/10 15:03:51 [notice] 246#246: signal process started
2020/03/10 15:04:15 [notice] 49#49: signal process started
2020/03/10 15:04:18 [notice] 64#64: signal process started
2020/03/10 15:04:20 [notice] 74#74: signal process started
2020/03/10 15:04:21 [notice] 85#85: signal process started
2020/03/10 15:04:23 [notice] 117#117: signal process started
2020/03/10 15:04:23 [notice] 95#95: signal process started
2020/03/10 15:04:27 [notice] 136#136: signal process started
2020/03/10 15:04:52 [notice] 168#168: signal process started
2020/03/10 15:07:05 [notice] 198#198: signal process started
2020/03/10 15:07:06 [notice] 208#208: signal process started
2020/03/10 15:07:06 [notice] 217#217: signal process started
2020/03/10 15:07:06 [notice] 227#227: signal process started
2020/03/10 15:07:06 [notice] 236#236: signal process started
2020/03/10 15:07:07 [notice] 246#246: signal process started
2020/03/10 15:07:07 [notice] 255#255: signal process started
2020/03/10 15:07:07 [notice] 264#264: signal process started
2020/03/10 15:07:07 [notice] 274#274: signal process started
2020/03/10 15:07:08 [notice] 283#283: signal process started
2020/03/10 15:07:08 [notice] 292#292: signal process started
2020/03/10 15:07:16 [notice] 301#301: signal process started
2020/03/10 15:07:16 [notice] 310#310: signal process started
2020/03/10 15:07:17 [notice] 319#319: signal process started
2020/03/10 15:07:17 [notice] 328#328: signal process started
2020/03/10 15:07:18 [notice] 357#357: signal process started
2020/03/10 15:07:18 [notice] 366#366: signal process started
2020/03/10 15:07:19 [notice] 375#375: signal process started
2020/03/10 15:07:32 [notice] 405#405: signal process started
2020/03/10 15:08:07 [notice] 435#435: signal process started
2020/03/10 15:08:33 [notice] 445#445: signal process started
2020/03/10 17:24:16 [emerg] 28#28: cannot load certificate "/etc/nginx/certs/default.crt": BIO_new_file() failed (SSL: error:02001002:system library:fopen:No such file or directory:fopen('/etc/nginx/certs/default.crt','r') error:2006D080:BIO routines:BIO_new_file:no such file)
2020/03/10 17:24:18 [emerg] 31#31: cannot load certificate "/etc/nginx/certs/default.crt": BIO_new_file() failed (SSL: error:02001002:system library:fopen:No such file or directory:fopen('/etc/nginx/certs/default.crt','r') error:2006D080:BIO routines:BIO_new_file:no such file)
2020/03/10 17:24:19 [emerg] 30#30: cannot load certificate "/etc/nginx/certs/default.crt": BIO_new_file() failed (SSL: error:02001002:system library:fopen:No such file or directory:fopen('/etc/nginx/certs/default.crt','r') error:2006D080:BIO routines:BIO_new_file:no such file)
2020/03/10 17:24:20 [emerg] 32#32: cannot load certificate "/etc/nginx/certs/default.crt": BIO_new_file() failed (SSL: error:02001002:system library:fopen:No such file or directory:fopen('/etc/nginx/certs/default.crt','r') error:2006D080:BIO routines:BIO_new_file:no such file)
2020/03/10 17:24:22 [emerg] 32#32: cannot load certificate "/etc/nginx/certs/default.crt": BIO_new_file() failed (SSL: error:02001002:system library:fopen:No such file or directory:fopen('/etc/nginx/certs/default.crt','r') error:2006D080:BIO routines:BIO_new_file:no such file)
2020/03/10 17:24:24 [emerg] 29#29: cannot load certificate "/etc/nginx/certs/default.crt": BIO_new_file() failed (SSL: error:02001002:system library:fopen:No such file or directory:fopen('/etc/nginx/certs/default.crt','r') error:2006D080:BIO routines:BIO_new_file:no such file)
2020/03/10 17:24:32 [emerg] 32#32: cannot load certificate "/etc/nginx/certs/default.crt": BIO_new_file() failed (SSL: error:02001002:system library:fopen:No such file or directory:fopen('/etc/nginx/certs/default.crt','r') error:2006D080:BIO routines:BIO_new_file:no such file)
2020/03/10 17:24:39 [emerg] 28#28: cannot load certificate "/etc/nginx/certs/default.crt": BIO_new_file() failed (SSL: error:02001002:system library:fopen:No such file or directory:fopen('/etc/nginx/certs/default.crt','r') error:2006D080:BIO routines:BIO_new_file:no such file)
2020/03/10 17:24:52 [notice] 49#49: signal process started
2020/03/10 17:24:53 [notice] 65#65: signal process started
2020/03/10 17:24:53 [notice] 75#75: signal process started
2020/03/10 17:24:54 [notice] 85#85: signal process started
2020/03/10 17:25:06 [notice] 115#115: signal process started
2020/03/10 17:25:50 [notice] 150#150: signal process started
2020/03/10 17:52:10 [notice] 166#166: signal process started
2020/03/10 17:52:28 [notice] 48#48: signal process started
2020/03/10 17:52:29 [notice] 63#63: signal process started
2020/03/10 17:52:30 [notice] 73#73: signal process started
2020/03/10 17:52:32 [notice] 103#103: signal process started
2020/03/10 17:52:48 [notice] 134#134: signal process started
2020/03/10 17:53:31 [notice] 167#167: signal process started
2020/03/10 18:06:01 [notice] 47#47: signal process started
2020/03/10 18:06:02 [notice] 63#63: signal process started
2020/03/10 18:06:03 [notice] 73#73: signal process started
2020/03/10 18:06:04 [notice] 83#83: signal process started
2020/03/10 18:06:05 [notice] 114#114: signal process started
2020/03/10 18:06:05 [notice] 93#93: signal process started
2020/03/10 18:06:05 [notice] 124#124: signal process started
2020/03/10 18:06:05 [notice] 139#139: signal process started
2020/03/10 18:06:06 [notice] 154#154: signal process started
2020/03/10 18:06:07 [notice] 185#185: signal process started
2020/03/10 18:06:07 [notice] 164#164: signal process started
2020/03/10 18:06:08 [notice] 204#204: signal process started
2020/03/10 18:06:08 [notice] 214#214: signal process started
2020/03/10 18:06:09 [notice] 224#224: signal process started
2020/03/10 18:06:10 [notice] 234#234: signal process started
2020/03/10 18:06:12 [notice] 244#244: signal process started
2020/03/10 18:06:14 [notice] 254#254: signal process started
2020/03/10 18:06:16 [notice] 266#266: signal process started
2020/03/10 18:06:19 [notice] 276#276: signal process started
2020/03/10 18:06:24 [notice] 286#286: signal process started
2020/03/10 18:06:28 [notice] 296#296: signal process started
2020/03/10 18:06:34 [notice] 306#306: signal process started
2020/03/10 18:06:41 [notice] 316#316: signal process started
2020/03/10 18:06:41 [notice] 327#327: signal process started
2020/03/10 18:06:47 [notice] 338#338: signal process started
2020/03/10 18:06:52 [notice] 348#348: signal process started
2020/03/10 18:07:00 [notice] 378#378: signal process started
2020/03/10 18:07:00 [notice] 388#388: signal process started
2020/03/10 18:07:17 [error] 389#389: *1 no live upstreams while connecting to upstream, client: 192.168.128.1, server: admin.localhost, request: "GET / HTTP/1.1", upstream: "http://admin.localhost/", host: "admin.localhost"
2020/03/10 18:07:17 [error] 390#390: *2 no live upstreams while connecting to upstream, client: 192.168.128.1, server: admin.localhost, request: "GET /robots.txt HTTP/1.1", upstream: "http://admin.localhost/robots.txt", host: "admin.localhost"
2020/03/10 18:07:17 [error] 390#390: *2 no live upstreams while connecting to upstream, client: 192.168.128.1, server: admin.localhost, request: "GET /favicon.ico HTTP/1.1", upstream: "http://admin.localhost/favicon.ico", host: "admin.localhost", referrer: "http://admin.localhost/"
2020/03/10 18:07:26 [notice] 398#398: signal process started
2020/03/10 18:07:26 [notice] 408#408: signal process started
2020/03/10 18:07:53 [notice] 418#418: signal process started
2020/03/10 18:07:53 [notice] 428#428: signal process started
2020/03/10 18:07:53 [notice] 439#439: signal process started
2020/03/10 18:07:53 [notice] 449#449: signal process started
2020/03/10 18:07:54 [notice] 459#459: signal process started
2020/03/10 18:07:54 [notice] 470#470: signal process started
2020/03/10 18:07:54 [notice] 480#480: signal process started
2020/03/10 18:07:55 [notice] 490#490: signal process started
2020/03/10 18:07:55 [notice] 500#500: signal process started
2020/03/10 18:07:56 [notice] 510#510: signal process started
2020/03/10 18:07:56 [error] 501#501: *3 no live upstreams while connecting to upstream, client: 192.168.128.1, server: admin.localhost, request: "GET / HTTP/1.1", upstream: "http://admin.localhost/", host: "admin.localhost"
2020/03/10 18:07:56 [notice] 520#520: signal process started
2020/03/10 18:07:58 [error] 521#521: *6 no live upstreams while connecting to upstream, client: 192.168.128.1, server: admin.localhost, request: "GET / HTTP/1.1", upstream: "http://admin.localhost/", host: "admin.localhost"
2020/03/10 18:07:58 [error] 521#521: *6 no live upstreams while connecting to upstream, client: 192.168.128.1, server: admin.localhost, request: "GET /favicon.ico HTTP/1.1", upstream: "http://admin.localhost/favicon.ico", host: "admin.localhost", referrer: "http://admin.localhost/"
2020/03/10 18:07:58 [notice] 530#530: signal process started
2020/03/10 18:07:58 [notice] 540#540: signal process started
2020/03/10 18:08:02 [notice] 550#550: signal process started
2020/03/10 18:08:02 [notice] 560#560: signal process started
2020/03/10 18:08:09 [notice] 570#570: signal process started
2020/03/10 18:08:09 [notice] 580#580: signal process started
2020/03/10 18:08:20 [error] 581#581: *7 no live upstreams while connecting to upstream, client: 192.168.128.1, server: admin.localhost, request: "GET / HTTP/1.1", upstream: "http://admin.localhost/", host: "admin.localhost"
2020/03/10 18:08:20 [error] 581#581: *7 no live upstreams while connecting to upstream, client: 192.168.128.1, server: admin.localhost, request: "GET /favicon.ico HTTP/1.1", upstream: "http://admin.localhost/favicon.ico", host: "admin.localhost", referrer: "http://admin.localhost/"
2020/03/10 18:08:22 [notice] 590#590: signal process started
2020/03/10 18:08:27 [notice] 600#600: signal process started
2020/03/10 18:08:27 [notice] 610#610: signal process started
2020/03/10 18:08:27 [notice] 620#620: signal process started
2020/03/10 18:12:08 [notice] 630#630: signal process started
2020/03/10 18:12:08 [notice] 639#639: signal process started
2020/03/10 18:12:08 [notice] 648#648: signal process started
2020/03/10 18:12:59 [notice] 47#47: signal process started
2020/03/10 18:13:00 [notice] 61#61: signal process started
2020/03/10 18:13:01 [notice] 71#71: signal process started
2020/03/10 18:13:02 [notice] 82#82: signal process started
2020/03/10 18:13:04 [notice] 113#113: signal process started
2020/03/10 18:13:21 [notice] 145#145: signal process started
2020/03/10 18:13:50 [notice] 177#177: signal process started
2020/03/10 18:24:34 [notice] 190#190: signal process started
2020/03/10 18:24:35 [notice] 199#199: signal process started
2020/03/10 18:26:47 [notice] 48#48: signal process started
2020/03/10 18:26:47 [notice] 63#63: signal process started
2020/03/10 18:26:47 [notice] 73#73: signal process started
2020/03/10 18:26:49 [notice] 105#105: signal process started
2020/03/10 18:26:49 [notice] 83#83: signal process started
2020/03/10 18:26:50 [notice] 126#126: signal process started
2020/03/10 18:27:04 [notice] 156#156: signal process started
2020/03/10 18:27:13 [notice] 188#188: signal process started
2020/03/10 18:29:09 [notice] 48#48: signal process started
2020/03/10 18:29:12 [notice] 62#62: signal process started
2020/03/10 18:29:13 [notice] 74#74: signal process started
2020/03/10 18:29:14 [notice] 106#106: signal process started
2020/03/10 18:29:14 [notice] 75#75: signal process started
2020/03/10 18:29:15 [notice] 116#116: signal process started
2020/03/10 18:29:15 [notice] 135#135: signal process started
2020/03/10 18:29:16 [notice] 145#145: signal process started
2020/03/10 18:29:16 [notice] 155#155: signal process started
2020/03/10 18:29:34 [notice] 185#185: signal process started
2020/03/10 18:30:26 [notice] 217#217: signal process started
2020/03/10 18:30:26 [notice] 227#227: signal process started
2020/03/10 18:30:26 [notice] 238#238: signal process started
2020/03/10 18:30:27 [notice] 249#249: signal process started
2020/03/10 18:30:27 [notice] 259#259: signal process started
2020/03/10 18:30:28 [notice] 269#269: signal process started
2020/03/10 18:30:28 [notice] 279#279: signal process started
2020/03/10 18:30:28 [error] 280#280: *4 no live upstreams while connecting to upstream, client: 192.168.16.1, server: admin.localhost, request: "GET /kibana/ HTTP/1.1", upstream: "http://admin.localhost/kibana/", host: "admin.localhost"
2020/03/10 18:30:29 [error] 280#280: *4 no live upstreams while connecting to upstream, client: 192.168.16.1, server: admin.localhost, request: "GET /favicon.ico HTTP/1.1", upstream: "http://admin.localhost/favicon.ico", host: "admin.localhost", referrer: "http://admin.localhost/kibana/"
2020/03/10 18:30:29 [notice] 289#289: signal process started
2020/03/10 18:30:29 [notice] 299#299: signal process started
2020/03/10 18:30:30 [error] 300#300: *5 no live upstreams while connecting to upstream, client: 192.168.16.1, server: admin.localhost, request: "GET /kibana/ HTTP/1.1", upstream: "http://admin.localhost/kibana/", host: "admin.localhost"
2020/03/10 18:30:30 [error] 300#300: *5 no live upstreams while connecting to upstream, client: 192.168.16.1, server: admin.localhost, request: "GET /favicon.ico HTTP/1.1", upstream: "http://admin.localhost/favicon.ico", host: "admin.localhost", referrer: "http://admin.localhost/kibana/"
2020/03/10 18:30:30 [notice] 310#310: signal process started
2020/03/10 18:30:30 [notice] 320#320: signal process started
2020/03/10 18:30:31 [error] 321#321: *6 no live upstreams while connecting to upstream, client: 192.168.16.1, server: admin.localhost, request: "GET /kibana/ HTTP/1.1", upstream: "http://admin.localhost/kibana/", host: "admin.localhost"
2020/03/10 18:30:31 [error] 321#321: *6 no live upstreams while connecting to upstream, client: 192.168.16.1, server: admin.localhost, request: "GET /favicon.ico HTTP/1.1", upstream: "http://admin.localhost/favicon.ico", host: "admin.localhost", referrer: "http://admin.localhost/kibana/"
2020/03/10 18:30:31 [error] 321#321: *6 no live upstreams while connecting to upstream, client: 192.168.16.1, server: admin.localhost, request: "GET /kibana/ HTTP/1.1", upstream: "http://admin.localhost/kibana/", host: "admin.localhost"
2020/03/10 18:30:31 [error] 321#321: *6 no live upstreams while connecting to upstream, client: 192.168.16.1, server: admin.localhost, request: "GET /favicon.ico HTTP/1.1", upstream: "http://admin.localhost/favicon.ico", host: "admin.localhost", referrer: "http://admin.localhost/kibana/"
2020/03/10 18:30:32 [error] 321#321: *6 no live upstreams while connecting to upstream, client: 192.168.16.1, server: admin.localhost, request: "GET /kibana/ HTTP/1.1", upstream: "http://admin.localhost/kibana/", host: "admin.localhost"
2020/03/10 18:30:32 [error] 321#321: *6 no live upstreams while connecting to upstream, client: 192.168.16.1, server: admin.localhost, request: "GET /favicon.ico HTTP/1.1", upstream: "http://admin.localhost/favicon.ico", host: "admin.localhost", referrer: "http://admin.localhost/kibana/"
2020/03/10 18:30:32 [notice] 330#330: signal process started
2020/03/10 18:30:32 [notice] 340#340: signal process started
2020/03/10 18:30:33 [error] 341#341: *9 no live upstreams while connecting to upstream, client: 192.168.16.1, server: admin.localhost, request: "GET /kibana/ HTTP/1.1", upstream: "http://admin.localhost/kibana/", host: "admin.localhost"
2020/03/10 18:30:33 [error] 341#341: *9 no live upstreams while connecting to upstream, client: 192.168.16.1, server: admin.localhost, request: "GET /favicon.ico HTTP/1.1", upstream: "http://admin.localhost/favicon.ico", host: "admin.localhost", referrer: "http://admin.localhost/kibana/"
2020/03/10 18:30:34 [error] 341#341: *9 no live upstreams while connecting to upstream, client: 192.168.16.1, server: admin.localhost, request: "GET /kibana/ HTTP/1.1", upstream: "http://admin.localhost/kibana/", host: "admin.localhost"
2020/03/10 18:30:34 [error] 341#341: *9 no live upstreams while connecting to upstream, client: 192.168.16.1, server: admin.localhost, request: "GET /favicon.ico HTTP/1.1", upstream: "http://admin.localhost/favicon.ico", host: "admin.localhost", referrer: "http://admin.localhost/kibana/"
2020/03/10 18:30:35 [error] 341#341: *9 no live upstreams while connecting to upstream, client: 192.168.16.1, server: admin.localhost, request: "GET /kibana/ HTTP/1.1", upstream: "http://admin.localhost/kibana/", host: "admin.localhost"
2020/03/10 18:30:35 [error] 341#341: *9 no live upstreams while connecting to upstream, client: 192.168.16.1, server: admin.localhost, request: "GET /favicon.ico HTTP/1.1", upstream: "http://admin.localhost/favicon.ico", host: "admin.localhost", referrer: "http://admin.localhost/kibana/"
2020/03/10 18:30:36 [notice] 350#350: signal process started
2020/03/10 18:30:36 [notice] 360#360: signal process started
2020/03/10 18:30:43 [notice] 370#370: signal process started
2020/03/10 18:30:43 [notice] 381#381: signal process started
2020/03/10 18:30:55 [error] 351#351: *10 connect() failed (113: Host is unreachable) while connecting to upstream, client: 192.168.16.1, server: admin.localhost, request: "GET /kibana/ HTTP/1.1", upstream: "http://192.168.16.12:80/kibana/", host: "admin.localhost"
2020/03/10 18:30:55 [error] 382#382: *12 no live upstreams while connecting to upstream, client: 192.168.16.1, server: admin.localhost, request: "GET /favicon.ico HTTP/1.1", upstream: "http://admin.localhost/favicon.ico", host: "admin.localhost", referrer: "http://admin.localhost/kibana/"
2020/03/10 18:30:56 [notice] 391#391: signal process started
2020/03/10 18:30:56 [notice] 401#401: signal process started
2020/03/10 18:31:22 [notice] 411#411: signal process started
2020/03/10 18:31:30 [notice] 421#421: signal process started
2020/03/10 18:31:30 [notice] 431#431: signal process started
2020/03/10 18:31:31 [notice] 441#441: signal process started
2020/03/10 18:34:45 [notice] 451#451: signal process started
2020/03/10 18:34:46 [notice] 460#460: signal process started
2020/03/10 18:35:26 [notice] 469#469: signal process started
2020/03/10 18:35:26 [notice] 479#479: signal process started
2020/03/10 18:37:36 [notice] 488#488: signal process started
2020/03/10 18:37:37 [notice] 497#497: signal process started
2020/03/10 18:37:37 [notice] 506#506: signal process started
2020/03/10 18:38:03 [notice] 515#515: signal process started
2020/03/10 18:38:04 [notice] 524#524: signal process started
2020/03/10 18:38:04 [notice] 533#533: signal process started
2020/03/10 18:38:42 [notice] 542#542: signal process started
2020/03/10 18:38:42 [notice] 551#551: signal process started
2020/03/10 18:38:42 [notice] 560#560: signal process started
2020/03/10 18:39:54 [notice] 569#569: signal process started
2020/03/10 18:39:55 [notice] 578#578: signal process started
2020/03/10 18:40:19 [notice] 587#587: signal process started
2020/03/10 18:40:19 [notice] 596#596: signal process started
2020/03/10 18:44:14 [notice] 632#632: signal process started
2020/03/10 18:44:14 [notice] 641#641: signal process started
2020/03/10 18:44:14 [notice] 650#650: signal process started
2020/03/10 18:46:53 [notice] 659#659: signal process started
2020/03/10 18:46:53 [notice] 668#668: signal process started
2020/03/10 18:46:54 [notice] 677#677: signal process started
2020/03/10 18:46:54 [notice] 686#686: signal process started
2020/03/10 18:46:54 [notice] 695#695: signal process started
2020/03/10 18:46:55 [notice] 704#704: signal process started
2020/03/10 18:46:55 [notice] 713#713: signal process started
2020/03/10 18:46:56 [notice] 722#722: signal process started
2020/03/10 18:46:56 [notice] 731#731: signal process started
2020/03/10 18:46:57 [notice] 740#740: signal process started
2020/03/10 18:46:57 [notice] 749#749: signal process started
2020/03/10 18:46:59 [notice] 758#758: signal process started
2020/03/10 18:46:59 [notice] 767#767: signal process started
2020/03/10 18:47:02 [notice] 776#776: signal process started
2020/03/10 18:47:03 [notice] 785#785: signal process started
2020/03/10 18:47:09 [notice] 794#794: signal process started
2020/03/10 18:47:09 [notice] 803#803: signal process started
2020/03/10 18:47:22 [notice] 812#812: signal process started
2020/03/10 18:47:23 [notice] 821#821: signal process started
2020/03/10 18:47:29 [notice] 830#830: signal process started
2020/03/10 18:48:24 [notice] 839#839: signal process started
2020/03/10 18:48:25 [notice] 848#848: signal process started
2020/03/10 18:48:25 [notice] 857#857: signal process started
2020/03/10 18:51:20 [notice] 48#48: signal process started
2020/03/10 18:51:21 [notice] 63#63: signal process started
2020/03/10 18:51:21 [notice] 73#73: signal process started
2020/03/10 18:51:22 [notice] 84#84: signal process started
2020/03/10 18:51:23 [notice] 116#116: signal process started
2020/03/10 18:51:23 [notice] 85#85: signal process started
2020/03/10 18:51:23 [notice] 126#126: signal process started
2020/03/10 18:51:25 [notice] 166#166: signal process started
2020/03/10 18:51:25 [notice] 145#145: signal process started
2020/03/10 18:51:33 [notice] 186#186: signal process started
2020/03/10 18:51:59 [notice] 197#197: signal process started
2020/03/10 18:56:49 [notice] 46#46: signal process started
2020/03/10 18:56:50 [notice] 61#61: signal process started
2020/03/10 18:56:51 [notice] 71#71: signal process started
2020/03/10 18:56:51 [notice] 103#103: signal process started
2020/03/10 18:56:51 [notice] 81#81: signal process started
2020/03/10 18:56:53 [notice] 123#123: signal process started
2020/03/10 18:57:08 [notice] 153#153: signal process started
2020/03/10 18:57:10 [notice] 185#185: signal process started
2020/03/10 19:20:19 [notice] 48#48: signal process started
2020/03/10 19:20:19 [notice] 64#64: signal process started
2020/03/10 19:20:19 [notice] 74#74: signal process started
2020/03/10 19:20:20 [notice] 85#85: signal process started
2020/03/10 19:20:21 [notice] 116#116: signal process started
2020/03/10 19:20:29 [notice] 147#147: signal process started
2020/03/10 19:20:58 [notice] 49#49: signal process started
2020/03/10 19:20:59 [notice] 64#64: signal process started
2020/03/10 19:20:59 [notice] 74#74: signal process started
2020/03/10 19:21:01 [notice] 105#105: signal process started
2020/03/10 19:21:01 [notice] 117#117: signal process started
2020/03/10 19:21:01 [notice] 85#85: signal process started
2020/03/10 19:21:02 [notice] 136#136: signal process started
2020/03/10 19:21:04 [notice] 146#146: signal process started
2020/03/10 19:21:05 [notice] 178#178: signal process started
2020/03/10 19:21:06 [notice] 188#188: signal process started
2020/03/10 19:21:06 [notice] 198#198: signal process started
2020/03/10 19:21:07 [notice] 209#209: signal process started
2020/03/10 19:21:11 [notice] 219#219: signal process started
2020/03/10 19:21:11 [notice] 229#229: signal process started
2020/03/10 19:21:14 [notice] 240#240: signal process started
2020/03/10 19:21:15 [notice] 252#252: signal process started
2020/03/10 19:21:15 [notice] 262#262: signal process started
2020/03/10 19:21:19 [notice] 272#272: signal process started
2020/03/10 19:21:22 [notice] 304#304: signal process started
2020/03/10 19:21:22 [notice] 314#314: signal process started
2020/03/10 19:21:35 [notice] 324#324: signal process started
2020/03/10 19:21:35 [notice] 334#334: signal process started
2020/03/10 19:21:59 [notice] 48#48: signal process started
2020/03/10 19:22:00 [notice] 63#63: signal process started
2020/03/10 19:22:01 [notice] 73#73: signal process started
2020/03/10 19:22:01 [notice] 74#74: signal process started
2020/03/10 19:22:02 [notice] 115#115: signal process started
2020/03/10 19:22:03 [notice] 125#125: signal process started
2020/03/10 19:22:23 [notice] 156#156: signal process started
2020/03/10 19:23:22 [notice] 187#187: signal process started
2020/03/10 19:31:58 [notice] 46#46: signal process started
2020/03/10 19:32:00 [notice] 58#58: signal process started
2020/03/10 19:32:00 [notice] 71#71: signal process started
2020/03/10 19:32:01 [notice] 81#81: signal process started
2020/03/10 19:32:01 [notice] 104#104: signal process started
2020/03/10 19:32:01 [notice] 114#114: signal process started
2020/03/10 19:32:02 [notice] 124#124: signal process started
2020/03/10 19:32:02 [notice] 143#143: signal process started
2020/03/10 19:32:03 [notice] 153#153: signal process started
2020/03/10 19:32:18 [notice] 182#182: signal process started
2020/03/10 19:32:41 [error] 209#209: *1 connect() failed (111: Connection refused) while connecting to upstream, client: 192.168.144.1, server: kibana.localhost, request: "GET / HTTP/1.1", upstream: "http://192.168.144.6:5601/", host: "kibana.localhost"
2020/03/10 19:32:41 [warn] 209#209: *1 upstream server temporarily disabled while connecting to upstream, client: 192.168.144.1, server: kibana.localhost, request: "GET / HTTP/1.1", upstream: "http://192.168.144.6:5601/", host: "kibana.localhost"
2020/03/10 19:32:41 [error] 209#209: *1 no live upstreams while connecting to upstream, client: 192.168.144.1, server: kibana.localhost, request: "GET / HTTP/1.1", upstream: "http://kibana.localhost/", host: "kibana.localhost"
2020/03/10 19:32:42 [error] 209#209: *1 no live upstreams while connecting to upstream, client: 192.168.144.1, server: kibana.localhost, request: "GET /favicon.ico HTTP/1.1", upstream: "http://kibana.localhost/favicon.ico", host: "kibana.localhost", referrer: "http://kibana.localhost/"
2020/03/10 19:32:44 [error] 209#209: *3 no live upstreams while connecting to upstream, client: 192.168.144.1, server: kibana.localhost, request: "GET / HTTP/1.1", upstream: "http://kibana.localhost/", host: "kibana.localhost"
2020/03/10 19:32:45 [error] 209#209: *3 no live upstreams while connecting to upstream, client: 192.168.144.1, server: kibana.localhost, request: "GET /favicon.ico HTTP/1.1", upstream: "http://kibana.localhost/favicon.ico", host: "kibana.localhost", referrer: "http://kibana.localhost/"
2020/03/10 19:32:47 [error] 209#209: *3 no live upstreams while connecting to upstream, client: 192.168.144.1, server: kibana.localhost, request: "GET / HTTP/1.1", upstream: "http://kibana.localhost/", host: "kibana.localhost"
2020/03/10 19:32:47 [error] 209#209: *3 no live upstreams while connecting to upstream, client: 192.168.144.1, server: kibana.localhost, request: "GET /favicon.ico HTTP/1.1", upstream: "http://kibana.localhost/favicon.ico", host: "kibana.localhost", referrer: "http://kibana.localhost/"
2020/03/10 19:33:12 [notice] 214#214: signal process started
2020/03/10 19:38:41 [notice] 49#49: signal process started
2020/03/10 19:38:42 [notice] 61#61: signal process started
2020/03/10 19:38:42 [notice] 76#76: signal process started
2020/03/10 19:38:43 [notice] 86#86: signal process started
2020/03/10 19:38:44 [notice] 118#118: signal process started
2020/03/10 19:38:44 [notice] 96#96: signal process started
2020/03/10 19:38:45 [notice] 137#137: signal process started
2020/03/10 19:38:58 [notice] 169#169: signal process started
2020/03/10 19:39:02 [notice] 179#179: signal process started
2020/03/10 19:41:51 [notice] 43#43: signal process started
2020/03/10 19:41:52 [notice] 58#58: signal process started
2020/03/10 19:41:54 [notice] 110#110: signal process started
2020/03/10 19:41:54 [notice] 88#88: signal process started
2020/03/10 19:42:18 [notice] 47#47: signal process started
2020/03/10 19:42:21 [notice] 62#62: signal process started
2020/03/10 19:42:21 [notice] 72#72: signal process started
2020/03/10 19:42:22 [notice] 82#82: signal process started
2020/03/10 19:42:23 [notice] 92#92: signal process started
2020/03/10 19:42:23 [notice] 118#118: signal process started
2020/03/10 19:42:23 [notice] 128#128: signal process started
2020/03/10 19:42:25 [notice] 147#147: signal process started
2020/03/10 19:42:44 [notice] 179#179: signal process started
2020/03/10 19:44:11 [notice] 212#212: signal process started
2020/03/10 19:48:53 [notice] 46#46: signal process started
2020/03/10 19:48:53 [notice] 61#61: signal process started
2020/03/10 19:48:54 [notice] 71#71: signal process started
2020/03/10 19:48:55 [notice] 72#72: signal process started
2020/03/10 19:48:56 [notice] 117#117: signal process started
2020/03/10 19:49:03 [error] 144#144: *1 connect() failed (111: Connection refused) while connecting to upstream, client: 192.168.32.1, server: kibana.localhost, request: "GET / HTTP/1.1", upstream: "http://192.168.32.6:5601/", host: "kibana.localhost"
2020/03/10 19:49:03 [warn] 144#144: *1 upstream server temporarily disabled while connecting to upstream, client: 192.168.32.1, server: kibana.localhost, request: "GET / HTTP/1.1", upstream: "http://192.168.32.6:5601/", host: "kibana.localhost"
2020/03/10 19:49:03 [error] 144#144: *1 no live upstreams while connecting to upstream, client: 192.168.32.1, server: kibana.localhost, request: "GET / HTTP/1.1", upstream: "http://kibana.localhost/", host: "kibana.localhost"
2020/03/10 19:49:05 [error] 144#144: *1 no live upstreams while connecting to upstream, client: 192.168.32.1, server: kibana.localhost, request: "GET / HTTP/1.1", upstream: "http://kibana.localhost/", host: "kibana.localhost"
2020/03/10 19:49:10 [notice] 149#149: signal process started
2020/03/10 19:49:21 [error] 172#172: *3 connect() failed (111: Connection refused) while connecting to upstream, client: 192.168.32.1, server: kibana.localhost, request: "GET / HTTP/1.1", upstream: "http://192.168.32.6:5601/", host: "kibana.localhost"
2020/03/10 19:49:21 [warn] 172#172: *3 upstream server temporarily disabled while connecting to upstream, client: 192.168.32.1, server: kibana.localhost, request: "GET / HTTP/1.1", upstream: "http://192.168.32.6:5601/", host: "kibana.localhost"
2020/03/10 19:49:21 [error] 172#172: *3 no live upstreams while connecting to upstream, client: 192.168.32.1, server: kibana.localhost, request: "GET / HTTP/1.1", upstream: "http://kibana.localhost/", host: "kibana.localhost"
2020/03/10 19:49:40 [error] 172#172: *10 connect() failed (111: Connection refused) while connecting to upstream, client: 192.168.32.1, server: kibana.localhost, request: "GET / HTTP/1.1", upstream: "http://192.168.32.6:5601/", host: "kibana.localhost"
2020/03/10 19:49:40 [warn] 172#172: *10 upstream server temporarily disabled while connecting to upstream, client: 192.168.32.1, server: kibana.localhost, request: "GET / HTTP/1.1", upstream: "http://192.168.32.6:5601/", host: "kibana.localhost"
2020/03/10 19:49:40 [error] 172#172: *10 no live upstreams while connecting to upstream, client: 192.168.32.1, server: kibana.localhost, request: "GET / HTTP/1.1", upstream: "http://kibana.localhost/", host: "kibana.localhost"
2020/03/10 19:49:42 [notice] 181#181: signal process started
2020/03/10 19:53:34 [notice] 48#48: signal process started
2020/03/10 19:53:35 [notice] 65#65: signal process started
2020/03/10 19:53:35 [notice] 96#96: signal process started
2020/03/10 19:53:36 [notice] 107#107: signal process started
2020/03/10 19:53:36 [notice] 75#75: signal process started
2020/03/10 19:53:37 [notice] 126#126: signal process started
2020/03/10 19:53:38 [notice] 136#136: signal process started
2020/03/10 19:53:39 [notice] 147#147: signal process started
2020/03/10 19:53:40 [notice] 157#157: signal process started
2020/03/10 19:53:40 [notice] 178#178: signal process started
2020/03/10 19:53:40 [notice] 197#197: signal process started
2020/03/10 19:53:42 [notice] 207#207: signal process started
2020/03/10 19:53:43 [notice] 217#217: signal process started
2020/03/10 19:53:53 [notice] 227#227: signal process started
2020/03/10 19:53:57 [notice] 257#257: signal process started
2020/03/10 19:53:57 [notice] 268#268: signal process started
2020/03/10 19:54:10 [notice] 279#279: signal process started
2020/03/10 19:54:10 [notice] 289#289: signal process started
2020/03/10 19:54:31 [notice] 300#300: signal process started
2020/03/10 19:54:36 [notice] 311#311: signal process started
2020/03/10 19:54:37 [notice] 321#321: signal process started
2020/03/10 19:55:10 [notice] 331#331: signal process started
2020/03/10 19:55:26 [notice] 48#48: signal process started
2020/03/10 19:55:29 [notice] 63#63: signal process started
2020/03/10 19:55:30 [notice] 73#73: signal process started
2020/03/10 19:55:31 [notice] 105#105: signal process started
2020/03/10 19:55:31 [notice] 74#74: signal process started
2020/03/10 19:55:32 [notice] 124#124: signal process started
2020/03/10 19:55:33 [notice] 134#134: signal process started
2020/03/10 19:55:34 [notice] 166#166: signal process started
2020/03/10 19:55:34 [notice] 144#144: signal process started
2020/03/10 19:55:35 [notice] 185#185: signal process started
2020/03/10 19:55:36 [notice] 195#195: signal process started
2020/03/10 19:55:36 [notice] 205#205: signal process started
2020/03/10 19:55:39 [notice] 216#216: signal process started
2020/03/10 19:55:39 [notice] 226#226: signal process started
2020/03/10 19:55:40 [notice] 236#236: signal process started
2020/03/10 19:55:40 [notice] 246#246: signal process started
2020/03/10 19:55:48 [notice] 257#257: signal process started
2020/03/10 19:55:54 [notice] 288#288: signal process started
2020/03/10 19:56:08 [notice] 298#298: signal process started
2020/03/10 19:56:11 [notice] 308#308: signal process started
2020/03/10 19:56:37 [notice] 319#319: signal process started
2020/03/10 19:56:37 [notice] 329#329: signal process started
2020/03/10 19:57:29 [notice] 339#339: signal process started
2020/03/10 19:57:29 [notice] 350#350: signal process started
2020/03/10 19:58:29 [notice] 360#360: signal process started
2020/03/10 19:58:29 [notice] 369#369: signal process started
2020/03/10 19:58:38 [notice] 379#379: signal process started
2020/03/10 19:59:30 [notice] 389#389: signal process started
2020/03/10 19:59:30 [notice] 398#398: signal process started
2020/03/10 20:00:30 [notice] 407#407: signal process started
2020/03/10 20:00:30 [notice] 416#416: signal process started
2020/03/10 20:01:30 [notice] 425#425: signal process started
2020/03/10 20:01:31 [notice] 434#434: signal process started
2020/03/10 20:02:42 [notice] 47#47: signal process started
2020/03/10 20:02:42 [notice] 60#60: signal process started
2020/03/10 20:02:44 [notice] 72#72: signal process started
2020/03/10 20:02:45 [notice] 103#103: signal process started
2020/03/10 20:02:51 [notice] 134#134: signal process started
2020/03/10 20:03:21 [notice] 166#166: signal process started
2020/03/10 20:10:13 [notice] 182#182: signal process started
2020/03/10 20:10:14 [notice] 191#191: signal process started
2020/03/10 20:10:15 [notice] 201#201: signal process started
2020/03/10 20:10:15 [notice] 211#211: signal process started
2020/03/10 20:10:16 [notice] 220#220: signal process started
2020/03/10 20:10:16 [notice] 229#229: signal process started
2020/03/10 20:10:17 [notice] 238#238: signal process started
2020/03/10 20:10:17 [notice] 247#247: signal process started
2020/03/10 20:10:19 [notice] 256#256: signal process started
2020/03/10 20:10:19 [notice] 265#265: signal process started
2020/03/10 20:10:23 [notice] 274#274: signal process started
2020/03/10 20:10:23 [notice] 283#283: signal process started
2020/03/10 20:10:28 [error] 284#284: *1 no live upstreams while connecting to upstream, client: 192.168.192.1, server: admin.localhost, request: "GET /sql/ HTTP/1.1", upstream: "http://admin.localhost/sql/", host: "admin.localhost"
2020/03/10 20:10:29 [notice] 292#292: signal process started
2020/03/10 20:10:30 [notice] 301#301: signal process started
2020/03/10 20:10:31 [error] 302#302: *2 no live upstreams while connecting to upstream, client: 192.168.192.1, server: admin.localhost, request: "GET /sql/ HTTP/1.1", upstream: "http://admin.localhost/sql/", host: "admin.localhost"
2020/03/10 20:10:36 [error] 302#302: *2 no live upstreams while connecting to upstream, client: 192.168.192.1, server: admin.localhost, request: "GET /stats/ HTTP/1.1", upstream: "http://admin.localhost/stats/", host: "admin.localhost"
2020/03/10 20:10:43 [notice] 310#310: signal process started
2020/03/10 20:10:43 [notice] 319#319: signal process started
2020/03/10 20:11:09 [notice] 328#328: signal process started
2020/03/10 20:11:09 [notice] 337#337: signal process started
2020/03/10 20:11:42 [notice] 346#346: signal process started
2020/03/10 20:11:52 [notice] 356#356: signal process started
2020/03/10 20:11:52 [notice] 365#365: signal process started
2020/03/10 20:11:59 [notice] 374#374: signal process started
2020/03/10 20:11:59 [notice] 383#383: signal process started
2020/03/10 20:12:00 [notice] 392#392: signal process started
2020/03/10 20:14:05 [notice] 401#401: signal process started
2020/03/10 20:14:05 [notice] 410#410: signal process started
2020/03/10 20:14:05 [notice] 411#411: signal process started
